<?xml version="1.0" encoding="UTF-8"?>
<testsuite xmlns:xsi="http://www.w3.org/2001/XMLSchema-instance" xsi:noNamespaceSchemaLocation="https://maven.apache.org/surefire/maven-surefire-plugin/xsd/surefire-test-report.xsd" name="boostbrain.AppTest" time="0.016" tests="1" errors="0" skipped="0" failures="0">
  <properties>
    <property name="sun.desktop" value="windows"/>
    <property name="awt.toolkit" value="sun.awt.windows.WToolkit"/>
    <property name="file.encoding.pkg" value="sun.io"/>
    <property name="java.specification.version" value="1.8"/>
    <property name="sun.cpu.isalist" value="amd64"/>
    <property name="sun.jnu.encoding" value="Cp1251"/>
    <property name="java.class.path" value="C:\Users\rakin\IdeaProjects\Lab5\target\test-classes;C:\Users\rakin\IdeaProjects\Lab5\target\classes;C:\Users\rakin\.m2\repository\junit\junit\4.11\junit-4.11.jar;C:\Users\rakin\.m2\repository\org\hamcrest\hamcrest-core\1.3\hamcrest-core-1.3.jar;"/>
    <property name="java.vm.vendor" value="Amazon.com Inc."/>
    <property name="sun.arch.data.model" value="64"/>
    <property name="user.variant" value=""/>
    <property name="java.vendor.url" value="https://aws.amazon.com/corretto/"/>
    <property name="user.timezone" value="Europe/Moscow"/>
    <property name="java.vm.specification.version" value="1.8"/>
    <property name="os.name" value="Windows 10"/>
    <property name="user.country" value="RU"/>
    <property name="sun.java.launcher" value="SUN_STANDARD"/>
    <property name="sun.boot.library.path" value="C:\Users\rakin\.jdks\corretto-1.8.0_312\jre\bin"/>
    <property name="sun.java.command" value="C:\Users\rakin\AppData\Local\Temp\surefire719366792001740305\surefirebooter1492456829594148305.jar C:\Users\rakin\AppData\Local\Temp\surefire719366792001740305 2022-04-12T10-51-24_870-jvmRun1 surefire6978474055159699093tmp surefire_07521104304552450212tmp"/>
    <property name="surefire.test.class.path" value="C:\Users\rakin\IdeaProjects\Lab5\target\test-classes;C:\Users\rakin\IdeaProjects\Lab5\target\classes;C:\Users\rakin\.m2\repository\junit\junit\4.11\junit-4.11.jar;C:\Users\rakin\.m2\repository\org\hamcrest\hamcrest-core\1.3\hamcrest-core-1.3.jar;"/>
    <property name="sun.cpu.endian" value="little"/>
    <property name="user.home" value="C:\Users\rakin"/>
    <property name="user.language" value="ru"/>
    <property name="java.specification.vendor" value="Oracle Corporation"/>
    <property name="java.home" value="C:\Users\rakin\.jdks\corretto-1.8.0_312\jre"/>
    <property name="basedir" value="C:\Users\rakin\IdeaProjects\Lab5"/>
    <property name="file.separator" value="\"/>
    <property name="line.separator" value="&#10;"/>
    <property name="java.vm.specification.vendor" value="Oracle Corporation"/>
    <property name="java.specification.name" value="Java Platform API Specification"/>
    <property name="java.awt.graphicsenv" value="sun.awt.Win32GraphicsEnvironment"/>
    <property name="surefire.real.class.path" value="C:\Users\rakin\AppData\Local\Temp\surefire719366792001740305\surefirebooter1492456829594148305.jar"/>
    <property name="sun.boot.class.path" value="C:\Users\rakin\.jdks\corretto-1.8.0_312\jre\lib\resources.jar;C:\Users\rakin\.jdks\corretto-1.8.0_312\jre\lib\rt.jar;C:\Users\rakin\.jdks\corretto-1.8.0_312\jre\lib\sunrsasign.jar;C:\Users\rakin\.jdks\corretto-1.8.0_312\jre\lib\jsse.jar;C:\Users\rakin\.jdks\corretto-1.8.0_312\jre\lib\jce.jar;C:\Users\rakin\.jdks\corretto-1.8.0_312\jre\lib\charsets.jar;C:\Users\rakin\.jdks\corretto-1.8.0_312\jre\lib\jfr.jar;C:\Users\rakin\.jdks\corretto-1.8.0_312\jre\classes"/>
    <property name="user.script" value=""/>
    <property name="sun.management.compiler" value="HotSpot 64-Bit Tiered Compilers"/>
    <property name="java.runtime.version" value="1.8.0_312-b07"/>
    <property name="user.name" value="rakin"/>
    <property name="path.separator" value=";"/>
    <property name="os.version" value="10.0"/>
    <property name="java.endorsed.dirs" value="C:\Users\rakin\.jdks\corretto-1.8.0_312\jre\lib\endorsed"/>
    <property name="java.runtime.name" value="OpenJDK Runtime Environment"/>
    <property name="file.encoding" value="Cp1251"/>
    <property name="java.vm.name" value="OpenJDK 64-Bit Server VM"/>
    <property name="localRepository" value="C:\Users\rakin\.m2\repository"/>
    <property name="java.vendor.url.bug" value="https://github.com/corretto/corretto-8/issues/"/>
    <property name="java.io.tmpdir" value="C:\Users\rakin\AppData\Local\Temp\"/>
    <property name="java.version" value="1.8.0_312"/>
    <property name="user.dir" value="C:\Users\rakin\IdeaProjects\Lab5"/>
    <property name="os.arch" value="amd64"/>
    <property name="java.vm.specification.name" value="Java Virtual Machine Specification"/>
    <property name="java.awt.printerjob" value="sun.awt.windows.WPrinterJob"/>
    <property name="sun.os.patch.level" value=""/>
    <property name="java.library.path" value="C:\Users\rakin\.jdks\corretto-1.8.0_312\jre\bin;C:\WINDOWS\Sun\Java\bin;C:\WINDOWS\system32;C:\WINDOWS;C:\Program Files\Common Files\Oracle\Java\javapath;C:\WINDOWS\system32;C:\WINDOWS;C:\WINDOWS\System32\Wbem;C:\WINDOWS\System32\WindowsPowerShell\v1.0\;C:\WINDOWS\System32\OpenSSH\;C:\Program Files\Java\jdk-16.0.2\bin;C:\Program Files\PuTTY\;C:\Program Files\Git\cmd;C:\JavaProjects\tools\apache-maven-3.8.5\bin;C:\Users\rakin\AppData\Local\Programs\Python\Python39\Scripts\;C:\Users\rakin\AppData\Local\Programs\Python\Python39\;C:\Users\rakin\AppData\Local\Microsoft\WindowsApps;C:\Program Files\JetBrains\PyCharm Community Edition 2021.2.2\bin;C:\JavaProjects\apache-maven-3.8.5;."/>
    <property name="java.vm.info" value="mixed mode"/>
    <property name="java.vendor" value="Amazon.com Inc."/>
    <property name="java.vm.version" value="25.312-b07"/>
    <property name="java.ext.dirs" value="C:\Users\rakin\.jdks\corretto-1.8.0_312\jre\lib\ext;C:\WINDOWS\Sun\Java\lib\ext"/>
    <property name="sun.io.unicode.encoding" value="UnicodeLittle"/>
    <property name="java.class.version" value="52.0"/>
  </properties>
  <testcase name="shouldAnswerWithTrue" classname="boostbrain.AppTest" time="0"/>
</testsuite>